{"/Users/home/alchemy/career/plant-api-fe/src/fakeFlower.js": {"path":"/Users/home/alchemy/career/plant-api-fe/src/fakeFlower.js","statementMap":{"0":{"start":{"line":1,"column":26},"end":{"line":15,"column":2}}},"fnMap":{},"branchMap":{},"s":{"0":1},"f":{},"b":{},"_coverageSchema":"1a1c01bbd47fc00a2c39e90264f33305004495a9","hash":"edc30c88c77fc8853b9dfd14e21ab97c88cd7c14"}
,"/Users/home/alchemy/career/plant-api-fe/src/store.js": {"path":"/Users/home/alchemy/career/plant-api-fe/src/store.js","statementMap":{"0":{"start":{"line":5,"column":25},"end":{"line":5,"column":79}}},"fnMap":{},"branchMap":{"0":{"loc":{"start":{"line":5,"column":25},"end":{"line":5,"column":79}},"type":"binary-expr","locations":[{"start":{"line":5,"column":25},"end":{"line":5,"column":68}},{"start":{"line":5,"column":72},"end":{"line":5,"column":79}}],"line":5}},"s":{"0":4},"f":{},"b":{"0":[4,4]},"_coverageSchema":"1a1c01bbd47fc00a2c39e90264f33305004495a9","hash":"6afddcd98ac3f0c92f07bca8b1c153924e83981c"}
,"/Users/home/alchemy/career/plant-api-fe/src/actions/actions.js": {"path":"/Users/home/alchemy/career/plant-api-fe/src/actions/actions.js","statementMap":{"0":{"start":{"line":4,"column":28},"end":{"line":4,"column":42}},"1":{"start":{"line":6,"column":28},"end":{"line":13,"column":1}},"2":{"start":{"line":6,"column":38},"end":{"line":13,"column":1}},"3":{"start":{"line":7,"column":2},"end":{"line":7,"column":28}},"4":{"start":{"line":8,"column":2},"end":{"line":12,"column":7}},"5":{"start":{"line":10,"column":6},"end":{"line":10,"column":56}},"6":{"start":{"line":11,"column":6},"end":{"line":11,"column":40}}},"fnMap":{"0":{"name":"(anonymous_0)","decl":{"start":{"line":6,"column":28},"end":{"line":6,"column":29}},"loc":{"start":{"line":6,"column":38},"end":{"line":13,"column":1}},"line":6},"1":{"name":"(anonymous_1)","decl":{"start":{"line":6,"column":38},"end":{"line":6,"column":39}},"loc":{"start":{"line":6,"column":50},"end":{"line":13,"column":1}},"line":6},"2":{"name":"(anonymous_2)","decl":{"start":{"line":9,"column":10},"end":{"line":9,"column":11}},"loc":{"start":{"line":9,"column":20},"end":{"line":12,"column":5}},"line":9}},"branchMap":{},"s":{"0":6,"1":6,"2":1,"3":1,"4":1,"5":1,"6":1},"f":{"0":1,"1":1,"2":1},"b":{},"_coverageSchema":"1a1c01bbd47fc00a2c39e90264f33305004495a9","hash":"a1ffb0a1810670e2e5fe7c78d905a5300167a1f0"}
,"/Users/home/alchemy/career/plant-api-fe/src/actions/authActions.js": {"path":"/Users/home/alchemy/career/plant-api-fe/src/actions/authActions.js","statementMap":{"0":{"start":{"line":1,"column":35},"end":{"line":1,"column":56}},"1":{"start":{"line":2,"column":33},"end":{"line":4,"column":2}},"2":{"start":{"line":2,"column":40},"end":{"line":4,"column":1}},"3":{"start":{"line":6,"column":27},"end":{"line":6,"column":40}},"4":{"start":{"line":7,"column":26},"end":{"line":10,"column":2}},"5":{"start":{"line":7,"column":37},"end":{"line":10,"column":1}},"6":{"start":{"line":12,"column":32},"end":{"line":12,"column":50}},"7":{"start":{"line":13,"column":30},"end":{"line":15,"column":2}},"8":{"start":{"line":13,"column":37},"end":{"line":15,"column":1}},"9":{"start":{"line":17,"column":33},"end":{"line":17,"column":52}},"10":{"start":{"line":18,"column":31},"end":{"line":21,"column":2}},"11":{"start":{"line":18,"column":41},"end":{"line":21,"column":1}}},"fnMap":{"0":{"name":"(anonymous_0)","decl":{"start":{"line":2,"column":33},"end":{"line":2,"column":34}},"loc":{"start":{"line":2,"column":40},"end":{"line":4,"column":1}},"line":2},"1":{"name":"(anonymous_1)","decl":{"start":{"line":7,"column":26},"end":{"line":7,"column":27}},"loc":{"start":{"line":7,"column":37},"end":{"line":10,"column":1}},"line":7},"2":{"name":"(anonymous_2)","decl":{"start":{"line":13,"column":30},"end":{"line":13,"column":31}},"loc":{"start":{"line":13,"column":37},"end":{"line":15,"column":1}},"line":13},"3":{"name":"(anonymous_3)","decl":{"start":{"line":18,"column":31},"end":{"line":18,"column":32}},"loc":{"start":{"line":18,"column":41},"end":{"line":21,"column":1}},"line":18}},"branchMap":{},"s":{"0":2,"1":2,"2":2,"3":2,"4":2,"5":1,"6":2,"7":2,"8":0,"9":2,"10":2,"11":1},"f":{"0":2,"1":1,"2":0,"3":1},"b":{},"_coverageSchema":"1a1c01bbd47fc00a2c39e90264f33305004495a9","hash":"3fe648420c36c90ecb472aafdeaf30ed4ccc090b"}
,"/Users/home/alchemy/career/plant-api-fe/src/actions/loadingActions.js": {"path":"/Users/home/alchemy/career/plant-api-fe/src/actions/loadingActions.js","statementMap":{"0":{"start":{"line":1,"column":26},"end":{"line":1,"column":38}},"1":{"start":{"line":2,"column":27},"end":{"line":2,"column":40}},"2":{"start":{"line":4,"column":29},"end":{"line":4,"column":57}},"3":{"start":{"line":4,"column":36},"end":{"line":4,"column":56}},"4":{"start":{"line":5,"column":30},"end":{"line":5,"column":59}},"5":{"start":{"line":5,"column":37},"end":{"line":5,"column":58}}},"fnMap":{"0":{"name":"(anonymous_0)","decl":{"start":{"line":4,"column":29},"end":{"line":4,"column":30}},"loc":{"start":{"line":4,"column":36},"end":{"line":4,"column":56}},"line":4},"1":{"name":"(anonymous_1)","decl":{"start":{"line":5,"column":30},"end":{"line":5,"column":31}},"loc":{"start":{"line":5,"column":37},"end":{"line":5,"column":58}},"line":5}},"branchMap":{},"s":{"0":7,"1":7,"2":7,"3":1,"4":7,"5":1},"f":{"0":1,"1":1},"b":{},"_coverageSchema":"1a1c01bbd47fc00a2c39e90264f33305004495a9","hash":"1aec90eb0a882b0e7184b03e9a73a6ae5c1d9807"}
,"/Users/home/alchemy/career/plant-api-fe/src/components/App.js": {"path":"/Users/home/alchemy/career/plant-api-fe/src/components/App.js","statementMap":{"0":{"start":{"line":15,"column":18},"end":{"line":15,"column":43}},"1":{"start":{"line":17,"column":2},"end":{"line":28,"column":4}}},"fnMap":{"0":{"name":"App","decl":{"start":{"line":14,"column":24},"end":{"line":14,"column":27}},"loc":{"start":{"line":14,"column":30},"end":{"line":29,"column":1}},"line":14}},"branchMap":{"0":{"loc":{"start":{"line":19,"column":8},"end":{"line":19,"column":37}},"type":"cond-expr","locations":[{"start":{"line":19,"column":18},"end":{"line":19,"column":29}},{"start":{"line":19,"column":32},"end":{"line":19,"column":37}}],"line":19}},"s":{"0":0,"1":0},"f":{"0":0},"b":{"0":[0,0]},"_coverageSchema":"1a1c01bbd47fc00a2c39e90264f33305004495a9","hash":"b6c2775d941c29862df8807adfa2ec741551c30a"}
,"/Users/home/alchemy/career/plant-api-fe/src/components/Loading.js": {"path":"/Users/home/alchemy/career/plant-api-fe/src/components/Loading.js","statementMap":{"0":{"start":{"line":3,"column":23},"end":{"line":3,"column":137}},"1":{"start":{"line":3,"column":30},"end":{"line":3,"column":136}}},"fnMap":{"0":{"name":"(anonymous_0)","decl":{"start":{"line":3,"column":23},"end":{"line":3,"column":24}},"loc":{"start":{"line":3,"column":30},"end":{"line":3,"column":136}},"line":3}},"branchMap":{},"s":{"0":1,"1":0},"f":{"0":0},"b":{},"_coverageSchema":"1a1c01bbd47fc00a2c39e90264f33305004495a9","hash":"4c3f55be60b696c7d084d7a64fa64915df19659a"}
,"/Users/home/alchemy/career/plant-api-fe/src/components/Search.js": {"path":"/Users/home/alchemy/career/plant-api-fe/src/components/Search.js","statementMap":{"0":{"start":{"line":4,"column":22},"end":{"line":13,"column":1}},"1":{"start":{"line":5,"column":53},"end":{"line":5,"column":67}},"2":{"start":{"line":7,"column":2},"end":{"line":12,"column":4}},"3":{"start":{"line":9,"column":65},"end":{"line":9,"column":96}}},"fnMap":{"0":{"name":"(anonymous_0)","decl":{"start":{"line":4,"column":22},"end":{"line":4,"column":23}},"loc":{"start":{"line":4,"column":28},"end":{"line":13,"column":1}},"line":4},"1":{"name":"(anonymous_1)","decl":{"start":{"line":9,"column":49},"end":{"line":9,"column":50}},"loc":{"start":{"line":9,"column":65},"end":{"line":9,"column":96}},"line":9}},"branchMap":{},"s":{"0":2,"1":0,"2":0,"3":0},"f":{"0":0,"1":0},"b":{},"_coverageSchema":"1a1c01bbd47fc00a2c39e90264f33305004495a9","hash":"d27d5084199f8446cb21b450e21328cb78912257"}
,"/Users/home/alchemy/career/plant-api-fe/src/components/Plants/Plant.js": {"path":"/Users/home/alchemy/career/plant-api-fe/src/components/Plants/Plant.js","statementMap":{"0":{"start":{"line":5,"column":21},"end":{"line":12,"column":1}},"1":{"start":{"line":6,"column":2},"end":{"line":11,"column":7}},"2":{"start":{"line":14,"column":0},"end":{"line":18,"column":2}}},"fnMap":{"0":{"name":"(anonymous_0)","decl":{"start":{"line":5,"column":21},"end":{"line":5,"column":22}},"loc":{"start":{"line":6,"column":2},"end":{"line":11,"column":7}},"line":6}},"branchMap":{},"s":{"0":3,"1":0,"2":3},"f":{"0":0},"b":{},"_coverageSchema":"1a1c01bbd47fc00a2c39e90264f33305004495a9","hash":"9598d5bb960fa5d1081d1e25f141f0c48e6621c5"}
,"/Users/home/alchemy/career/plant-api-fe/src/components/Plants/PlantDetails.js": {"path":"/Users/home/alchemy/career/plant-api-fe/src/components/Plants/PlantDetails.js","statementMap":{"0":{"start":{"line":3,"column":28},"end":{"line":8,"column":1}},"1":{"start":{"line":5,"column":2},"end":{"line":7,"column":4}}},"fnMap":{"0":{"name":"(anonymous_0)","decl":{"start":{"line":3,"column":28},"end":{"line":3,"column":29}},"loc":{"start":{"line":3,"column":34},"end":{"line":8,"column":1}},"line":3}},"branchMap":{},"s":{"0":1,"1":0},"f":{"0":0},"b":{},"_coverageSchema":"1a1c01bbd47fc00a2c39e90264f33305004495a9","hash":"f1ca42b94fd50df6fb58f762441b3fb72b6dd203"}
,"/Users/home/alchemy/career/plant-api-fe/src/components/Plants/Plants.js": {"path":"/Users/home/alchemy/career/plant-api-fe/src/components/Plants/Plants.js","statementMap":{"0":{"start":{"line":6,"column":22},"end":{"line":17,"column":1}},"1":{"start":{"line":7,"column":17},"end":{"line":7,"column":41}},"2":{"start":{"line":9,"column":23},"end":{"line":11,"column":14}},"3":{"start":{"line":10,"column":4},"end":{"line":10,"column":88}},"4":{"start":{"line":13,"column":2},"end":{"line":16,"column":11}}},"fnMap":{"0":{"name":"(anonymous_0)","decl":{"start":{"line":6,"column":22},"end":{"line":6,"column":23}},"loc":{"start":{"line":6,"column":28},"end":{"line":17,"column":1}},"line":6},"1":{"name":"(anonymous_1)","decl":{"start":{"line":9,"column":43},"end":{"line":9,"column":44}},"loc":{"start":{"line":10,"column":4},"end":{"line":10,"column":88}},"line":10}},"branchMap":{"0":{"loc":{"start":{"line":9,"column":23},"end":{"line":11,"column":14}},"type":"cond-expr","locations":[{"start":{"line":9,"column":32},"end":{"line":11,"column":4}},{"start":{"line":11,"column":8},"end":{"line":11,"column":13}}],"line":9}},"s":{"0":2,"1":0,"2":0,"3":0,"4":0},"f":{"0":0,"1":0},"b":{"0":[0,0]},"_coverageSchema":"1a1c01bbd47fc00a2c39e90264f33305004495a9","hash":"c15a5eed80f70c064153e85abf217c38c225bb4d"}
,"/Users/home/alchemy/career/plant-api-fe/src/components/auth/AuthForm.js": {"path":"/Users/home/alchemy/career/plant-api-fe/src/components/auth/AuthForm.js","statementMap":{"0":{"start":{"line":6,"column":17},"end":{"line":28,"column":1}},"1":{"start":{"line":7,"column":28},"end":{"line":7,"column":40}},"2":{"start":{"line":8,"column":34},"end":{"line":8,"column":46}},"3":{"start":{"line":10,"column":23},"end":{"line":14,"column":3}},"4":{"start":{"line":11,"column":4},"end":{"line":11,"column":27}},"5":{"start":{"line":12,"column":4},"end":{"line":12,"column":30}},"6":{"start":{"line":16,"column":2},"end":{"line":27,"column":4}},"7":{"start":{"line":20,"column":67},"end":{"line":20,"column":89}},"8":{"start":{"line":21,"column":74},"end":{"line":21,"column":99}},"9":{"start":{"line":30,"column":0},"end":{"line":34,"column":2}}},"fnMap":{"0":{"name":"(anonymous_0)","decl":{"start":{"line":6,"column":17},"end":{"line":6,"column":18}},"loc":{"start":{"line":6,"column":48},"end":{"line":28,"column":1}},"line":6},"1":{"name":"(anonymous_1)","decl":{"start":{"line":10,"column":23},"end":{"line":10,"column":24}},"loc":{"start":{"line":10,"column":32},"end":{"line":14,"column":3}},"line":10},"2":{"name":"(anonymous_2)","decl":{"start":{"line":20,"column":51},"end":{"line":20,"column":52}},"loc":{"start":{"line":20,"column":67},"end":{"line":20,"column":89}},"line":20},"3":{"name":"(anonymous_3)","decl":{"start":{"line":21,"column":58},"end":{"line":21,"column":59}},"loc":{"start":{"line":21,"column":74},"end":{"line":21,"column":99}},"line":21}},"branchMap":{},"s":{"0":1,"1":0,"2":0,"3":0,"4":0,"5":0,"6":0,"7":0,"8":0,"9":1},"f":{"0":0,"1":0,"2":0,"3":0},"b":{},"_coverageSchema":"1a1c01bbd47fc00a2c39e90264f33305004495a9","hash":"4971186bbe93316f1dc6f2299d974a86cffb6838"}
,"/Users/home/alchemy/career/plant-api-fe/src/components/auth/Login.js": {"path":"/Users/home/alchemy/career/plant-api-fe/src/components/auth/Login.js","statementMap":{"0":{"start":{"line":5,"column":14},"end":{"line":8,"column":1}},"1":{"start":{"line":6,"column":16},"end":{"line":6,"column":26}},"2":{"start":{"line":7,"column":2},"end":{"line":7,"column":67}}},"fnMap":{"0":{"name":"(anonymous_0)","decl":{"start":{"line":5,"column":14},"end":{"line":5,"column":15}},"loc":{"start":{"line":5,"column":20},"end":{"line":8,"column":1}},"line":5}},"branchMap":{},"s":{"0":1,"1":0,"2":0},"f":{"0":0},"b":{},"_coverageSchema":"1a1c01bbd47fc00a2c39e90264f33305004495a9","hash":"2f491c31a3b292bfc5111359d6a05aeec5a99306"}
,"/Users/home/alchemy/career/plant-api-fe/src/components/auth/Signup.js": {"path":"/Users/home/alchemy/career/plant-api-fe/src/components/auth/Signup.js","statementMap":{"0":{"start":{"line":5,"column":15},"end":{"line":8,"column":1}},"1":{"start":{"line":6,"column":17},"end":{"line":6,"column":28}},"2":{"start":{"line":7,"column":2},"end":{"line":7,"column":67}}},"fnMap":{"0":{"name":"(anonymous_0)","decl":{"start":{"line":5,"column":15},"end":{"line":5,"column":16}},"loc":{"start":{"line":5,"column":21},"end":{"line":8,"column":1}},"line":5}},"branchMap":{},"s":{"0":1,"1":0,"2":0},"f":{"0":0},"b":{},"_coverageSchema":"1a1c01bbd47fc00a2c39e90264f33305004495a9","hash":"fe28f5b65a9f61067260cb1f4aed9d837bd307ff"}
,"/Users/home/alchemy/career/plant-api-fe/src/hooks/auth.js": {"path":"/Users/home/alchemy/career/plant-api-fe/src/hooks/auth.js","statementMap":{"0":{"start":{"line":7,"column":20},"end":{"line":7,"column":35}},"1":{"start":{"line":9,"column":28},"end":{"line":53,"column":1}},"2":{"start":{"line":10,"column":28},"end":{"line":14,"column":4}},"3":{"start":{"line":16,"column":2},"end":{"line":23,"column":9}},"4":{"start":{"line":17,"column":4},"end":{"line":17,"column":34}},"5":{"start":{"line":18,"column":4},"end":{"line":22,"column":47}},"6":{"start":{"line":20,"column":8},"end":{"line":20,"column":35}},"7":{"start":{"line":22,"column":19},"end":{"line":22,"column":45}},"8":{"start":{"line":25,"column":17},"end":{"line":34,"column":3}},"9":{"start":{"line":26,"column":4},"end":{"line":26,"column":34}},"10":{"start":{"line":27,"column":4},"end":{"line":33,"column":9}},"11":{"start":{"line":29,"column":8},"end":{"line":29,"column":35}},"12":{"start":{"line":32,"column":8},"end":{"line":32,"column":39}},"13":{"start":{"line":36,"column":16},"end":{"line":46,"column":3}},"14":{"start":{"line":37,"column":4},"end":{"line":37,"column":34}},"15":{"start":{"line":38,"column":4},"end":{"line":38,"column":54}},"16":{"start":{"line":39,"column":4},"end":{"line":45,"column":9}},"17":{"start":{"line":41,"column":8},"end":{"line":41,"column":35}},"18":{"start":{"line":44,"column":8},"end":{"line":44,"column":39}},"19":{"start":{"line":48,"column":2},"end":{"line":52,"column":4}},"20":{"start":{"line":55,"column":25},"end":{"line":58,"column":1}},"21":{"start":{"line":56,"column":21},"end":{"line":56,"column":44}},"22":{"start":{"line":57,"column":2},"end":{"line":57,"column":16}},"23":{"start":{"line":60,"column":24},"end":{"line":63,"column":1}},"24":{"start":{"line":61,"column":20},"end":{"line":61,"column":43}},"25":{"start":{"line":62,"column":2},"end":{"line":62,"column":15}},"26":{"start":{"line":65,"column":34},"end":{"line":68,"column":1}},"27":{"start":{"line":66,"column":20},"end":{"line":66,"column":43}},"28":{"start":{"line":67,"column":2},"end":{"line":67,"column":32}},"29":{"start":{"line":70,"column":28},"end":{"line":73,"column":1}},"30":{"start":{"line":71,"column":20},"end":{"line":71,"column":43}},"31":{"start":{"line":72,"column":2},"end":{"line":72,"column":26}}},"fnMap":{"0":{"name":"(anonymous_0)","decl":{"start":{"line":9,"column":28},"end":{"line":9,"column":29}},"loc":{"start":{"line":9,"column":46},"end":{"line":53,"column":1}},"line":9},"1":{"name":"(anonymous_1)","decl":{"start":{"line":16,"column":12},"end":{"line":16,"column":13}},"loc":{"start":{"line":16,"column":18},"end":{"line":23,"column":3}},"line":16},"2":{"name":"(anonymous_2)","decl":{"start":{"line":19,"column":12},"end":{"line":19,"column":13}},"loc":{"start":{"line":19,"column":20},"end":{"line":21,"column":7}},"line":19},"3":{"name":"(anonymous_3)","decl":{"start":{"line":22,"column":13},"end":{"line":22,"column":14}},"loc":{"start":{"line":22,"column":19},"end":{"line":22,"column":45}},"line":22},"4":{"name":"(anonymous_4)","decl":{"start":{"line":25,"column":17},"end":{"line":25,"column":18}},"loc":{"start":{"line":25,"column":38},"end":{"line":34,"column":3}},"line":25},"5":{"name":"(anonymous_5)","decl":{"start":{"line":28,"column":12},"end":{"line":28,"column":13}},"loc":{"start":{"line":28,"column":20},"end":{"line":30,"column":7}},"line":28},"6":{"name":"(anonymous_6)","decl":{"start":{"line":31,"column":13},"end":{"line":31,"column":14}},"loc":{"start":{"line":31,"column":20},"end":{"line":33,"column":7}},"line":31},"7":{"name":"(anonymous_7)","decl":{"start":{"line":36,"column":16},"end":{"line":36,"column":17}},"loc":{"start":{"line":36,"column":37},"end":{"line":46,"column":3}},"line":36},"8":{"name":"(anonymous_8)","decl":{"start":{"line":40,"column":12},"end":{"line":40,"column":13}},"loc":{"start":{"line":40,"column":20},"end":{"line":42,"column":7}},"line":40},"9":{"name":"(anonymous_9)","decl":{"start":{"line":43,"column":13},"end":{"line":43,"column":14}},"loc":{"start":{"line":43,"column":20},"end":{"line":45,"column":7}},"line":43},"10":{"name":"(anonymous_10)","decl":{"start":{"line":55,"column":25},"end":{"line":55,"column":26}},"loc":{"start":{"line":55,"column":31},"end":{"line":58,"column":1}},"line":55},"11":{"name":"(anonymous_11)","decl":{"start":{"line":60,"column":24},"end":{"line":60,"column":25}},"loc":{"start":{"line":60,"column":30},"end":{"line":63,"column":1}},"line":60},"12":{"name":"(anonymous_12)","decl":{"start":{"line":65,"column":34},"end":{"line":65,"column":35}},"loc":{"start":{"line":65,"column":40},"end":{"line":68,"column":1}},"line":65},"13":{"name":"(anonymous_13)","decl":{"start":{"line":70,"column":28},"end":{"line":70,"column":29}},"loc":{"start":{"line":70,"column":34},"end":{"line":73,"column":1}},"line":70}},"branchMap":{},"s":{"0":1,"1":1,"2":0,"3":0,"4":0,"5":0,"6":0,"7":0,"8":0,"9":0,"10":0,"11":0,"12":0,"13":0,"14":0,"15":0,"16":0,"17":0,"18":0,"19":0,"20":1,"21":0,"22":0,"23":1,"24":0,"25":0,"26":1,"27":0,"28":0,"29":1,"30":0,"31":0},"f":{"0":0,"1":0,"2":0,"3":0,"4":0,"5":0,"6":0,"7":0,"8":0,"9":0,"10":0,"11":0,"12":0,"13":0},"b":{},"_coverageSchema":"1a1c01bbd47fc00a2c39e90264f33305004495a9","hash":"15bfd5b1f434f5a87cc98ddd3129ce46363ef646"}
,"/Users/home/alchemy/career/plant-api-fe/src/hooks/useSearchApi.js": {"path":"/Users/home/alchemy/career/plant-api-fe/src/hooks/useSearchApi.js","statementMap":{"0":{"start":{"line":6,"column":28},"end":{"line":18,"column":1}},"1":{"start":{"line":7,"column":19},"end":{"line":7,"column":32}},"2":{"start":{"line":8,"column":37},"end":{"line":8,"column":49}},"3":{"start":{"line":9,"column":18},"end":{"line":9,"column":30}},"4":{"start":{"line":11,"column":23},"end":{"line":15,"column":3}},"5":{"start":{"line":12,"column":4},"end":{"line":12,"column":27}},"6":{"start":{"line":13,"column":4},"end":{"line":13,"column":34}},"7":{"start":{"line":14,"column":4},"end":{"line":14,"column":28}},"8":{"start":{"line":17,"column":2},"end":{"line":17,"column":52}}},"fnMap":{"0":{"name":"(anonymous_0)","decl":{"start":{"line":6,"column":28},"end":{"line":6,"column":29}},"loc":{"start":{"line":6,"column":34},"end":{"line":18,"column":1}},"line":6},"1":{"name":"(anonymous_1)","decl":{"start":{"line":11,"column":23},"end":{"line":11,"column":24}},"loc":{"start":{"line":11,"column":32},"end":{"line":15,"column":3}},"line":11}},"branchMap":{},"s":{"0":2,"1":0,"2":0,"3":0,"4":0,"5":0,"6":0,"7":0,"8":0},"f":{"0":0,"1":0},"b":{},"_coverageSchema":"1a1c01bbd47fc00a2c39e90264f33305004495a9","hash":"dd48bc908d81644ac8bd806577c643bf2a302384"}
,"/Users/home/alchemy/career/plant-api-fe/src/reducers/authReducer.js": {"path":"/Users/home/alchemy/career/plant-api-fe/src/reducers/authReducer.js","statementMap":{"0":{"start":{"line":4,"column":2},"end":{"line":15,"column":3}},"1":{"start":{"line":6,"column":6},"end":{"line":6,"column":54}},"2":{"start":{"line":8,"column":6},"end":{"line":8,"column":64}},"3":{"start":{"line":10,"column":6},"end":{"line":10,"column":65}},"4":{"start":{"line":12,"column":6},"end":{"line":12,"column":42}},"5":{"start":{"line":14,"column":6},"end":{"line":14,"column":19}}},"fnMap":{"0":{"name":"reducer","decl":{"start":{"line":3,"column":24},"end":{"line":3,"column":31}},"loc":{"start":{"line":3,"column":47},"end":{"line":16,"column":1}},"line":3}},"branchMap":{"0":{"loc":{"start":{"line":4,"column":2},"end":{"line":15,"column":3}},"type":"switch","locations":[{"start":{"line":5,"column":4},"end":{"line":6,"column":54}},{"start":{"line":7,"column":4},"end":{"line":8,"column":64}},{"start":{"line":9,"column":4},"end":{"line":10,"column":65}},{"start":{"line":11,"column":4},"end":{"line":12,"column":42}},{"start":{"line":13,"column":4},"end":{"line":14,"column":19}}],"line":4}},"s":{"0":5,"1":2,"2":1,"3":1,"4":0,"5":1},"f":{"0":5},"b":{"0":[2,1,1,0,1]},"_coverageSchema":"1a1c01bbd47fc00a2c39e90264f33305004495a9","hash":"40ec0fbf117676bbac8bda7aec62a6d6d0d6a7e9"}
,"/Users/home/alchemy/career/plant-api-fe/src/reducers/index.js": {"path":"/Users/home/alchemy/career/plant-api-fe/src/reducers/index.js","statementMap":{},"fnMap":{},"branchMap":{},"s":{},"f":{},"b":{},"_coverageSchema":"1a1c01bbd47fc00a2c39e90264f33305004495a9","hash":"845aef8c76f9388cd2fa560b26c029b6c1fe0736"}
,"/Users/home/alchemy/career/plant-api-fe/src/reducers/loadingReducer.js": {"path":"/Users/home/alchemy/career/plant-api-fe/src/reducers/loadingReducer.js","statementMap":{"0":{"start":{"line":3,"column":21},"end":{"line":5,"column":1}},"1":{"start":{"line":7,"column":30},"end":{"line":16,"column":1}},"2":{"start":{"line":8,"column":2},"end":{"line":15,"column":3}},"3":{"start":{"line":10,"column":6},"end":{"line":10,"column":41}},"4":{"start":{"line":12,"column":6},"end":{"line":12,"column":42}},"5":{"start":{"line":14,"column":6},"end":{"line":14,"column":19}}},"fnMap":{"0":{"name":"(anonymous_0)","decl":{"start":{"line":7,"column":30},"end":{"line":7,"column":31}},"loc":{"start":{"line":7,"column":64},"end":{"line":16,"column":1}},"line":7}},"branchMap":{"0":{"loc":{"start":{"line":7,"column":31},"end":{"line":7,"column":51}},"type":"default-arg","locations":[{"start":{"line":7,"column":39},"end":{"line":7,"column":51}}],"line":7},"1":{"loc":{"start":{"line":8,"column":2},"end":{"line":15,"column":3}},"type":"switch","locations":[{"start":{"line":9,"column":4},"end":{"line":10,"column":41}},{"start":{"line":11,"column":4},"end":{"line":12,"column":42}},{"start":{"line":13,"column":4},"end":{"line":14,"column":19}}],"line":8}},"s":{"0":5,"1":5,"2":15,"3":1,"4":1,"5":13},"f":{"0":15},"b":{"0":[12],"1":[1,1,13]},"_coverageSchema":"1a1c01bbd47fc00a2c39e90264f33305004495a9","hash":"36db73163447d4fd7149a9eb90b4b30ecb0cd24b"}
,"/Users/home/alchemy/career/plant-api-fe/src/reducers/plantReducer.js": {"path":"/Users/home/alchemy/career/plant-api-fe/src/reducers/plantReducer.js","statementMap":{"0":{"start":{"line":3,"column":21},"end":{"line":5,"column":1}},"1":{"start":{"line":7,"column":28},"end":{"line":14,"column":1}},"2":{"start":{"line":8,"column":2},"end":{"line":13,"column":3}},"3":{"start":{"line":10,"column":6},"end":{"line":10,"column":50}},"4":{"start":{"line":12,"column":6},"end":{"line":12,"column":19}}},"fnMap":{"0":{"name":"(anonymous_0)","decl":{"start":{"line":7,"column":28},"end":{"line":7,"column":29}},"loc":{"start":{"line":7,"column":62},"end":{"line":14,"column":1}},"line":7}},"branchMap":{"0":{"loc":{"start":{"line":7,"column":29},"end":{"line":7,"column":49}},"type":"default-arg","locations":[{"start":{"line":7,"column":37},"end":{"line":7,"column":49}}],"line":7},"1":{"loc":{"start":{"line":8,"column":2},"end":{"line":13,"column":3}},"type":"switch","locations":[{"start":{"line":9,"column":4},"end":{"line":10,"column":50}},{"start":{"line":11,"column":4},"end":{"line":12,"column":19}}],"line":8}},"s":{"0":5,"1":5,"2":14,"3":1,"4":13},"f":{"0":14},"b":{"0":[12],"1":[1,13]},"_coverageSchema":"1a1c01bbd47fc00a2c39e90264f33305004495a9","hash":"370d9b2d28dea88747df4412408fce8d90a57785"}
,"/Users/home/alchemy/career/plant-api-fe/src/selectors/authSelectors.js": {"path":"/Users/home/alchemy/career/plant-api-fe/src/selectors/authSelectors.js","statementMap":{"0":{"start":{"line":1,"column":23},"end":{"line":1,"column":42}},"1":{"start":{"line":1,"column":32},"end":{"line":1,"column":42}},"2":{"start":{"line":2,"column":31},"end":{"line":2,"column":56}},"3":{"start":{"line":2,"column":40},"end":{"line":2,"column":56}},"4":{"start":{"line":3,"column":25},"end":{"line":3,"column":47}},"5":{"start":{"line":3,"column":34},"end":{"line":3,"column":47}}},"fnMap":{"0":{"name":"(anonymous_0)","decl":{"start":{"line":1,"column":23},"end":{"line":1,"column":24}},"loc":{"start":{"line":1,"column":32},"end":{"line":1,"column":42}},"line":1},"1":{"name":"(anonymous_1)","decl":{"start":{"line":2,"column":31},"end":{"line":2,"column":32}},"loc":{"start":{"line":2,"column":40},"end":{"line":2,"column":56}},"line":2},"2":{"name":"(anonymous_2)","decl":{"start":{"line":3,"column":25},"end":{"line":3,"column":26}},"loc":{"start":{"line":3,"column":34},"end":{"line":3,"column":47}},"line":3}},"branchMap":{},"s":{"0":1,"1":0,"2":1,"3":0,"4":1,"5":0},"f":{"0":0,"1":0,"2":0},"b":{},"_coverageSchema":"1a1c01bbd47fc00a2c39e90264f33305004495a9","hash":"9659fdacee3ad52d48fa09f74e972c4446fbd360"}
,"/Users/home/alchemy/career/plant-api-fe/src/selectors/selectors.js": {"path":"/Users/home/alchemy/career/plant-api-fe/src/selectors/selectors.js","statementMap":{"0":{"start":{"line":1,"column":27},"end":{"line":1,"column":61}},"1":{"start":{"line":1,"column":36},"end":{"line":1,"column":61}},"2":{"start":{"line":2,"column":28},"end":{"line":2,"column":65}},"3":{"start":{"line":2,"column":37},"end":{"line":2,"column":65}}},"fnMap":{"0":{"name":"(anonymous_0)","decl":{"start":{"line":1,"column":27},"end":{"line":1,"column":28}},"loc":{"start":{"line":1,"column":36},"end":{"line":1,"column":61}},"line":1},"1":{"name":"(anonymous_1)","decl":{"start":{"line":2,"column":28},"end":{"line":2,"column":29}},"loc":{"start":{"line":2,"column":37},"end":{"line":2,"column":65}},"line":2}},"branchMap":{},"s":{"0":3,"1":1,"2":3,"3":0},"f":{"0":1,"1":0},"b":{},"_coverageSchema":"1a1c01bbd47fc00a2c39e90264f33305004495a9","hash":"5ebd2139796d6fa99dce7663027bbc6f2fe2c55d"}
,"/Users/home/alchemy/career/plant-api-fe/src/services/auth.js": {"path":"/Users/home/alchemy/career/plant-api-fe/src/services/auth.js","statementMap":{"0":{"start":{"line":1,"column":16},"end":{"line":15,"column":1}},"1":{"start":{"line":2,"column":2},"end":{"line":14,"column":7}},"2":{"start":{"line":10,"column":17},"end":{"line":10,"column":50}},"3":{"start":{"line":12,"column":6},"end":{"line":12,"column":25}},"4":{"start":{"line":12,"column":14},"end":{"line":12,"column":25}},"5":{"start":{"line":13,"column":6},"end":{"line":13,"column":18}},"6":{"start":{"line":17,"column":25},"end":{"line":19,"column":1}},"7":{"start":{"line":18,"column":2},"end":{"line":18,"column":69}},"8":{"start":{"line":21,"column":24},"end":{"line":23,"column":1}},"9":{"start":{"line":22,"column":2},"end":{"line":22,"column":68}},"10":{"start":{"line":25,"column":25},"end":{"line":27,"column":1}},"11":{"start":{"line":26,"column":2},"end":{"line":26,"column":47}}},"fnMap":{"0":{"name":"(anonymous_0)","decl":{"start":{"line":1,"column":16},"end":{"line":1,"column":17}},"loc":{"start":{"line":1,"column":40},"end":{"line":15,"column":1}},"line":1},"1":{"name":"(anonymous_1)","decl":{"start":{"line":10,"column":10},"end":{"line":10,"column":11}},"loc":{"start":{"line":10,"column":17},"end":{"line":10,"column":50}},"line":10},"2":{"name":"(anonymous_2)","decl":{"start":{"line":11,"column":10},"end":{"line":11,"column":11}},"loc":{"start":{"line":11,"column":26},"end":{"line":14,"column":5}},"line":11},"3":{"name":"(anonymous_3)","decl":{"start":{"line":17,"column":25},"end":{"line":17,"column":26}},"loc":{"start":{"line":17,"column":46},"end":{"line":19,"column":1}},"line":17},"4":{"name":"(anonymous_4)","decl":{"start":{"line":21,"column":24},"end":{"line":21,"column":25}},"loc":{"start":{"line":21,"column":45},"end":{"line":23,"column":1}},"line":21},"5":{"name":"(anonymous_5)","decl":{"start":{"line":25,"column":25},"end":{"line":25,"column":26}},"loc":{"start":{"line":25,"column":31},"end":{"line":27,"column":1}},"line":25}},"branchMap":{"0":{"loc":{"start":{"line":8,"column":10},"end":{"line":8,"column":38}},"type":"binary-expr","locations":[{"start":{"line":8,"column":10},"end":{"line":8,"column":14}},{"start":{"line":8,"column":18},"end":{"line":8,"column":38}}],"line":8},"1":{"loc":{"start":{"line":12,"column":6},"end":{"line":12,"column":25}},"type":"if","locations":[{"start":{"line":12,"column":6},"end":{"line":12,"column":25}},{"start":{"line":12,"column":6},"end":{"line":12,"column":25}}],"line":12}},"s":{"0":1,"1":0,"2":0,"3":0,"4":0,"5":0,"6":1,"7":0,"8":1,"9":0,"10":1,"11":0},"f":{"0":0,"1":0,"2":0,"3":0,"4":0,"5":0},"b":{"0":[0,0],"1":[0,0]},"_coverageSchema":"1a1c01bbd47fc00a2c39e90264f33305004495a9","hash":"1a79da78fee5d6bedc050287838160701ea5bd39"}
,"/Users/home/alchemy/career/plant-api-fe/src/services/getPlants.js": {"path":"/Users/home/alchemy/career/plant-api-fe/src/services/getPlants.js","statementMap":{"0":{"start":{"line":1,"column":16},"end":{"line":15,"column":1}},"1":{"start":{"line":2,"column":2},"end":{"line":14,"column":7}},"2":{"start":{"line":10,"column":17},"end":{"line":10,"column":43}},"3":{"start":{"line":12,"column":6},"end":{"line":12,"column":24}},"4":{"start":{"line":12,"column":14},"end":{"line":12,"column":24}},"5":{"start":{"line":13,"column":6},"end":{"line":13,"column":24}},"6":{"start":{"line":17,"column":25},"end":{"line":20,"column":1}},"7":{"start":{"line":18,"column":2},"end":{"line":18,"column":55}},"8":{"start":{"line":18,"column":14},"end":{"line":18,"column":55}},"9":{"start":{"line":19,"column":2},"end":{"line":19,"column":64}}},"fnMap":{"0":{"name":"(anonymous_0)","decl":{"start":{"line":1,"column":16},"end":{"line":1,"column":17}},"loc":{"start":{"line":1,"column":40},"end":{"line":15,"column":1}},"line":1},"1":{"name":"(anonymous_1)","decl":{"start":{"line":10,"column":10},"end":{"line":10,"column":11}},"loc":{"start":{"line":10,"column":17},"end":{"line":10,"column":43}},"line":10},"2":{"name":"(anonymous_2)","decl":{"start":{"line":11,"column":10},"end":{"line":11,"column":11}},"loc":{"start":{"line":11,"column":25},"end":{"line":14,"column":5}},"line":11},"3":{"name":"(anonymous_3)","decl":{"start":{"line":17,"column":25},"end":{"line":17,"column":26}},"loc":{"start":{"line":17,"column":37},"end":{"line":20,"column":1}},"line":17}},"branchMap":{"0":{"loc":{"start":{"line":8,"column":10},"end":{"line":8,"column":38}},"type":"binary-expr","locations":[{"start":{"line":8,"column":10},"end":{"line":8,"column":14}},{"start":{"line":8,"column":18},"end":{"line":8,"column":38}}],"line":8},"1":{"loc":{"start":{"line":12,"column":6},"end":{"line":12,"column":24}},"type":"if","locations":[{"start":{"line":12,"column":6},"end":{"line":12,"column":24}},{"start":{"line":12,"column":6},"end":{"line":12,"column":24}}],"line":12},"2":{"loc":{"start":{"line":18,"column":2},"end":{"line":18,"column":55}},"type":"if","locations":[{"start":{"line":18,"column":2},"end":{"line":18,"column":55}},{"start":{"line":18,"column":2},"end":{"line":18,"column":55}}],"line":18}},"s":{"0":5,"1":0,"2":0,"3":0,"4":0,"5":0,"6":5,"7":0,"8":0,"9":0},"f":{"0":0,"1":0,"2":0,"3":0},"b":{"0":[0,0],"1":[0,0],"2":[0,0]},"_coverageSchema":"1a1c01bbd47fc00a2c39e90264f33305004495a9","hash":"4b5b2e336ca0c67c6f53ab42611a55a177d862ec"}
}
